This is pdfTeX, Version 3.141592653-2.6-1.40.25 (TeX Live 2023) (preloaded format=pdflatex 2025.1.3)  22 APR 2025 15:42
entering extended mode
 restricted \write18 enabled.
 file:line:error style messages enabled.
 %&-line parsing enabled.
**/home/ale/dev/nuclearcgm/chapters/finite_differences/shell_model/shell_model.tex
(/home/ale/dev/nuclearcgm/chapters/finite_differences/shell_model/shell_model.tex
LaTeX2e <2022-11-01> patch level 1
L3 programming layer <2023-02-22>
/home/ale/dev/nuclearcgm/chapters/finite_differences/shell_model/shell_model.tex:1: Undefined control sequence.
l.1 \subsection
               {Shell model}
The control sequence at the end of the top line
of your error message was never \def'ed. If you have
misspelled it (e.g., `\hobx'), type `I' and the correct
spelling (e.g., `I\hbox'). Otherwise just continue,
and I'll forget about whatever was undefined.


/home/ale/dev/nuclearcgm/chapters/finite_differences/shell_model/shell_model.tex:1: LaTeX Error: Missing \begin{document}.

See the LaTeX manual or LaTeX Companion for explanation.
Type  H <return>  for immediate help.
 ...                                              
                                                  
l.1 \subsection{S
                 hell model}
You're in trouble here.  Try typing  <return>  to proceed.
If that doesn't work, type  X <return>  to quit.

Missing character: There is no S in font nullfont!
Missing character: There is no h in font nullfont!
Missing character: There is no e in font nullfont!
Missing character: There is no l in font nullfont!
Missing character: There is no l in font nullfont!
Missing character: There is no m in font nullfont!
Missing character: There is no o in font nullfont!
Missing character: There is no d in font nullfont!
Missing character: There is no e in font nullfont!
Missing character: There is no l in font nullfont!
/home/ale/dev/nuclearcgm/chapters/finite_differences/shell_model/shell_model.tex:2: Undefined control sequence.
l.2 \subsubsection
                  {Coulomb interaction}
The control sequence at the end of the top line
of your error message was never \def'ed. If you have
misspelled it (e.g., `\hobx'), type `I' and the correct
spelling (e.g., `I\hbox'). Otherwise just continue,
and I'll forget about whatever was undefined.

Missing character: There is no C in font nullfont!
Missing character: There is no o in font nullfont!
Missing character: There is no u in font nullfont!
Missing character: There is no l in font nullfont!
Missing character: There is no o in font nullfont!
Missing character: There is no m in font nullfont!
Missing character: There is no b in font nullfont!
Missing character: There is no i in font nullfont!
Missing character: There is no n in font nullfont!
Missing character: There is no t in font nullfont!
Missing character: There is no e in font nullfont!
Missing character: There is no r in font nullfont!
Missing character: There is no a in font nullfont!
Missing character: There is no c in font nullfont!
Missing character: There is no t in font nullfont!
Missing character: There is no i in font nullfont!
Missing character: There is no o in font nullfont!
Missing character: There is no n in font nullfont!
Missing character: There is no P in font nullfont!
Missing character: There is no r in font nullfont!
Missing character: There is no o in font nullfont!
Missing character: There is no t in font nullfont!
Missing character: There is no o in font nullfont!
Missing character: There is no n in font nullfont!
Missing character: There is no s in font nullfont!
Missing character: There is no a in font nullfont!
Missing character: There is no r in font nullfont!
Missing character: There is no e in font nullfont!
Missing character: There is no p in font nullfont!
Missing character: There is no o in font nullfont!
Missing character: There is no s in font nullfont!
Missing character: There is no i in font nullfont!
Missing character: There is no t in font nullfont!
Missing character: There is no i in font nullfont!
Missing character: There is no v in font nullfont!
Missing character: There is no e in font nullfont!
Missing character: There is no l in font nullfont!
Missing character: There is no y in font nullfont!
Missing character: There is no c in font nullfont!
Missing character: There is no h in font nullfont!
Missing character: There is no a in font nullfont!
Missing character: There is no r in font nullfont!
Missing character: There is no g in font nullfont!
Missing character: There is no e in font nullfont!
Missing character: There is no d in font nullfont!
Missing character: There is no , in font nullfont!
Missing character: There is no w in font nullfont!
Missing character: There is no h in font nullfont!
Missing character: There is no i in font nullfont!
Missing character: There is no c in font nullfont!
Missing character: There is no h in font nullfont!
Missing character: There is no m in font nullfont!
Missing character: There is no e in font nullfont!
Missing character: There is no a in font nullfont!
Missing character: There is no n in font nullfont!
Missing character: There is no s in font nullfont!
Missing character: There is no t in font nullfont!
Missing character: There is no h in font nullfont!
Missing character: There is no a in font nullfont!
Missing character: There is no t in font nullfont!
Missing character: There is no b in font nullfont!
Missing character: There is no e in font nullfont!
Missing character: There is no s in font nullfont!
Missing character: There is no i in font nullfont!
Missing character: There is no d in font nullfont!
Missing character: There is no e in font nullfont!
Missing character: There is no t in font nullfont!
Missing character: There is no h in font nullfont!
Missing character: There is no e in font nullfont!
Missing character: There is no s in font nullfont!
Missing character: There is no t in font nullfont!
Missing character: There is no r in font nullfont!
Missing character: There is no o in font nullfont!
Missing character: There is no n in font nullfont!
Missing character: There is no g in font nullfont!
Missing character: There is no f in font nullfont!
Missing character: There is no o in font nullfont!
Missing character: There is no r in font nullfont!
Missing character: There is no c in font nullfont!
Missing character: There is no e in font nullfont!
Missing character: There is no w in font nullfont!
Missing character: There is no e in font nullfont!
Missing character: There is no h in font nullfont!
Missing character: There is no a in font nullfont!
Missing character: There is no v in font nullfont!
Missing character: There is no e in font nullfont!
Missing character: There is no t in font nullfont!
Missing character: There is no o in font nullfont!
Missing character: There is no t in font nullfont!
Missing character: There is no a in font nullfont!
Missing character: There is no k in font nullfont!
Missing character: There is no e in font nullfont!
Missing character: There is no i in font nullfont!
Missing character: There is no n in font nullfont!
Missing character: There is no t in font nullfont!
Missing character: There is no o in font nullfont!
Missing character: There is no a in font nullfont!
Missing character: There is no c in font nullfont!
Missing character: There is no c in font nullfont!
Missing character: There is no o in font nullfont!
Missing character: There is no u in font nullfont!
Missing character: There is no n in font nullfont!
Missing character: There is no t in font nullfont!
Missing character: There is no t in font nullfont!
Missing character: There is no h in font nullfont!
Missing character: There is no e in font nullfont!
Missing character: There is no C in font nullfont!
Missing character: There is no o in font nullfont!
Missing character: There is no u in font nullfont!
Missing character: There is no l in font nullfont!
Missing character: There is no o in font nullfont!
Missing character: There is no m in font nullfont!
Missing character: There is no b in font nullfont!
Missing character: There is no i in font nullfont!
Missing character: There is no n in font nullfont!
Missing character: There is no t in font nullfont!
Missing character: There is no e in font nullfont!
Missing character: There is no r in font nullfont!
Missing character: There is no a in font nullfont!
Missing character: There is no c in font nullfont!
Missing character: There is no t in font nullfont!
Missing character: There is no i in font nullfont!
Missing character: There is no o in font nullfont!
Missing character: There is no n in font nullfont!
Missing character: There is no . in font nullfont!
Missing character: There is no K in font nullfont!
Missing character: There is no e in font nullfont!
Missing character: There is no e in font nullfont!
Missing character: There is no p in font nullfont!
Missing character: There is no i in font nullfont!
Missing character: There is no n in font nullfont!
Missing character: There is no g in font nullfont!
Missing character: There is no i in font nullfont!
Missing character: There is no n in font nullfont!
Missing character: There is no t in font nullfont!
Missing character: There is no h in font nullfont!
Missing character: There is no e in font nullfont!
Missing character: There is no m in font nullfont!
Missing character: There is no e in font nullfont!
Missing character: There is no w in font nullfont!
Missing character: There is no i in font nullfont!
Missing character: There is no t in font nullfont!
Missing character: There is no h in font nullfont!
Missing character: There is no a in font nullfont!
Missing character: There is no m in font nullfont!
Missing character: There is no e in font nullfont!
Missing character: There is no a in font nullfont!
Missing character: There is no n in font nullfont!
Missing character: There is no f in font nullfont!
Missing character: There is no i in font nullfont!
Missing character: There is no e in font nullfont!
Missing character: There is no l in font nullfont!
Missing character: There is no d in font nullfont!
Missing character: There is no a in font nullfont!
Missing character: There is no p in font nullfont!
Missing character: There is no p in font nullfont!
Missing character: There is no r in font nullfont!
Missing character: There is no o in font nullfont!
Missing character: There is no a in font nullfont!
Missing character: There is no c in font nullfont!
Missing character: There is no h in font nullfont!
Missing character: There is no , in font nullfont!
Missing character: There is no w in font nullfont!
Missing character: There is no e in font nullfont!
Missing character: There is no c in font nullfont!
Missing character: There is no a in font nullfont!
Missing character: There is no n in font nullfont!
Missing character: There is no a in font nullfont!
Missing character: There is no p in font nullfont!
Missing character: There is no p in font nullfont!
Missing character: There is no r in font nullfont!
Missing character: There is no o in font nullfont!
Missing character: There is no x in font nullfont!
Missing character: There is no i in font nullfont!
Missing character: There is no m in font nullfont!
Missing character: There is no a in font nullfont!
Missing character: There is no t in font nullfont!
Missing character: There is no e in font nullfont!
Missing character: There is no t in font nullfont!
Missing character: There is no h in font nullfont!
Missing character: There is no e in font nullfont!
Missing character: There is no C in font nullfont!
Missing character: There is no o in font nullfont!
Missing character: There is no u in font nullfont!
Missing character: There is no l in font nullfont!
Missing character: There is no o in font nullfont!
Missing character: There is no m in font nullfont!
Missing character: There is no b in font nullfont!
Missing character: There is no p in font nullfont!
Missing character: There is no o in font nullfont!
Missing character: There is no t in font nullfont!
Missing character: There is no e in font nullfont!
Missing character: There is no n in font nullfont!
Missing character: There is no t in font nullfont!
Missing character: There is no i in font nullfont!
Missing character: There is no a in font nullfont!
Missing character: There is no l in font nullfont!
Missing character: There is no g in font nullfont!
Missing character: There is no e in font nullfont!
Missing character: There is no n in font nullfont!
Missing character: There is no e in font nullfont!
Missing character: There is no r in font nullfont!
Missing character: There is no a in font nullfont!
Missing character: There is no t in font nullfont!
Missing character: There is no e in font nullfont!
Missing character: There is no d in font nullfont!
Missing character: There is no b in font nullfont!
Missing character: There is no y in font nullfont!
Missing character: There is no t in font nullfont!
Missing character: There is no h in font nullfont!
Missing character: There is no e in font nullfont!
Missing character: There is no p in font nullfont!
Missing character: There is no r in font nullfont!
Missing character: There is no o in font nullfont!
Missing character: There is no t in font nullfont!
Missing character: There is no o in font nullfont!
Missing character: There is no n in font nullfont!
Missing character: There is no s in font nullfont!
Missing character: There is no a in font nullfont!
Missing character: There is no s in font nullfont!
Missing character: There is no t in font nullfont!
Missing character: There is no h in font nullfont!
Missing character: There is no e in font nullfont!
Missing character: There is no o in font nullfont!
Missing character: There is no n in font nullfont!
Missing character: There is no e in font nullfont!
Missing character: There is no o in font nullfont!
Missing character: There is no f in font nullfont!
Missing character: There is no a in font nullfont!
Missing character: There is no u in font nullfont!
Missing character: There is no n in font nullfont!
Missing character: There is no i in font nullfont!
Missing character: There is no f in font nullfont!
Missing character: There is no o in font nullfont!
Missing character: There is no r in font nullfont!
Missing character: There is no m in font nullfont!
Missing character: There is no s in font nullfont!
Missing character: There is no p in font nullfont!
Missing character: There is no h in font nullfont!
Missing character: There is no e in font nullfont!
Missing character: There is no r in font nullfont!
Missing character: There is no e in font nullfont!
Missing character: There is no , in font nullfont!
Missing character: There is no o in font nullfont!
Missing character: There is no f in font nullfont!
Missing character: There is no c in font nullfont!
Missing character: There is no h in font nullfont!
Missing character: There is no a in font nullfont!
Missing character: There is no r in font nullfont!
Missing character: There is no g in font nullfont!
Missing character: There is no e in font nullfont!
LaTeX Font Info:    External font `cmex10' loaded for size
(Font)              <7> on input line 4.
LaTeX Font Info:    External font `cmex10' loaded for size
(Font)              <5> on input line 4.
Missing character: There is no , in font nullfont!
Missing character: There is no w in font nullfont!
Missing character: There is no i in font nullfont!
Missing character: There is no t in font nullfont!
Missing character: There is no h in font nullfont!
Missing character: There is no r in font nullfont!
Missing character: There is no a in font nullfont!
Missing character: There is no d in font nullfont!
Missing character: There is no i in font nullfont!
Missing character: There is no u in font nullfont!
Missing character: There is no s in font nullfont!
Missing character: There is no . in font nullfont!

Overfull \hbox (20.0pt too wide) in paragraph at lines 1--5
[]
 []


Overfull \hbox (7.54167pt too wide) in paragraph at lines 1--5
\OML/cmm/m/it/10 Z$
 []


Overfull \hbox (7.67015pt too wide) in paragraph at lines 1--5
\OML/cmm/m/it/10 R$ 
 []

/home/ale/dev/nuclearcgm/chapters/finite_differences/shell_model/shell_model.tex:6: Undefined control sequence.
l.6     v_{\text
                {C}}(r) = \frac{Ze^2}{4\pi\varepsilon_0}
The control sequence at the end of the top line
of your error message was never \def'ed. If you have
misspelled it (e.g., `\hobx'), type `I' and the correct
spelling (e.g., `I\hbox'). Otherwise just continue,
and I'll forget about whatever was undefined.

/home/ale/dev/nuclearcgm/chapters/finite_differences/shell_model/shell_model.tex:8: Missing } inserted.
<inserted text> 
                }
l.8         \frac
                 {3-(r/R)^2}{2R} & r \le R \\
I've inserted something that you may have forgotten.
(See the <inserted text> above.)
With luck, this will get me unwedged. But if you
really didn't forget anything, try typing `2' now; then
my insertion and my current dilemma will both disappear.

/home/ale/dev/nuclearcgm/chapters/finite_differences/shell_model/shell_model.tex:8: Missing \cr inserted.
<inserted text> 
                \cr 
l.8         \frac
                 {3-(r/R)^2}{2R} & r \le R \\
I'm guessing that you meant to end an alignment here.

/home/ale/dev/nuclearcgm/chapters/finite_differences/shell_model/shell_model.tex:8: Misplaced \cr.
<inserted text> \cr 
                    
l.8         \frac
                 {3-(r/R)^2}{2R} & r \le R \\
I can't figure out why you would want to use a tab mark
or \cr or \span just now. If something like a right brace
up above has ended a previous alignment prematurely,
you're probably due for more error messages, and you
might try typing `S' now just to see what is salvageable.

/home/ale/dev/nuclearcgm/chapters/finite_differences/shell_model/shell_model.tex:8: Missing \cr inserted.
<inserted text> 
                \cr 
l.8         \frac
                 {3-(r/R)^2}{2R} & r \le R \\
I'm guessing that you meant to end an alignment here.

/home/ale/dev/nuclearcgm/chapters/finite_differences/shell_model/shell_model.tex:8: Misplaced \cr.
<inserted text> \cr 
                    
l.8         \frac
                 {3-(r/R)^2}{2R} & r \le R \\
I can't figure out why you would want to use a tab mark
or \cr or \span just now. If something like a right brace
up above has ended a previous alignment prematurely,
you're probably due for more error messages, and you
might try typing `S' now just to see what is salvageable.

/home/ale/dev/nuclearcgm/chapters/finite_differences/shell_model/shell_model.tex:8: Missing \cr inserted.
<inserted text> 
                \cr 
l.8         \frac
                 {3-(r/R)^2}{2R} & r \le R \\
I'm guessing that you meant to end an alignment here.

/home/ale/dev/nuclearcgm/chapters/finite_differences/shell_model/shell_model.tex:8: Misplaced \cr.
<inserted text> \cr 
                    
l.8         \frac
                 {3-(r/R)^2}{2R} & r \le R \\
I can't figure out why you would want to use a tab mark
or \cr or \span just now. If something like a right brace
up above has ended a previous alignment prematurely,
you're probably due for more error messages, and you
might try typing `S' now just to see what is salvageable.

/home/ale/dev/nuclearcgm/chapters/finite_differences/shell_model/shell_model.tex:8: Missing \cr inserted.
<inserted text> 
                \cr 
l.8         \frac
                 {3-(r/R)^2}{2R} & r \le R \\
I'm guessing that you meant to end an alignment here.

/home/ale/dev/nuclearcgm/chapters/finite_differences/shell_model/shell_model.tex:8: Misplaced \cr.
<inserted text> \cr 
                    
l.8         \frac
                 {3-(r/R)^2}{2R} & r \le R \\
I can't figure out why you would want to use a tab mark
or \cr or \span just now. If something like a right brace
up above has ended a previous alignment prematurely,
you're probably due for more error messages, and you
might try typing `S' now just to see what is salvageable.

/home/ale/dev/nuclearcgm/chapters/finite_differences/shell_model/shell_model.tex:8: Missing \cr inserted.
<inserted text> 
                \cr 
l.8         \frac
                 {3-(r/R)^2}{2R} & r \le R \\
I'm guessing that you meant to end an alignment here.

/home/ale/dev/nuclearcgm/chapters/finite_differences/shell_model/shell_model.tex:8: Misplaced \cr.
<inserted text> \cr 
                    
l.8         \frac
                 {3-(r/R)^2}{2R} & r \le R \\
I can't figure out why you would want to use a tab mark
or \cr or \span just now. If something like a right brace
up above has ended a previous alignment prematurely,
you're probably due for more error messages, and you
might try typing `S' now just to see what is salvageable.

/home/ale/dev/nuclearcgm/chapters/finite_differences/shell_model/shell_model.tex:8: Missing \cr inserted.
<inserted text> 
                \cr 
l.8         \frac
                 {3-(r/R)^2}{2R} & r \le R \\
I'm guessing that you meant to end an alignment here.

/home/ale/dev/nuclearcgm/chapters/finite_differences/shell_model/shell_model.tex:8: Misplaced \cr.
<inserted text> \cr 
                    
l.8         \frac
                 {3-(r/R)^2}{2R} & r \le R \\
I can't figure out why you would want to use a tab mark
or \cr or \span just now. If something like a right brace
up above has ended a previous alignment prematurely,
you're probably due for more error messages, and you
might try typing `S' now just to see what is salvageable.

/home/ale/dev/nuclearcgm/chapters/finite_differences/shell_model/shell_model.tex:8: Missing \cr inserted.
<inserted text> 
                \cr 
l.8         \frac
                 {3-(r/R)^2}{2R} & r \le R \\
I'm guessing that you meant to end an alignment here.

/home/ale/dev/nuclearcgm/chapters/finite_differences/shell_model/shell_model.tex:8: Misplaced \cr.
<inserted text> \cr 
                    
l.8         \frac
                 {3-(r/R)^2}{2R} & r \le R \\
I can't figure out why you would want to use a tab mark
or \cr or \span just now. If something like a right brace
up above has ended a previous alignment prematurely,
you're probably due for more error messages, and you
might try typing `S' now just to see what is salvageable.

/home/ale/dev/nuclearcgm/chapters/finite_differences/shell_model/shell_model.tex:8: Missing \cr inserted.
<inserted text> 
                \cr 
l.8         \frac
                 {3-(r/R)^2}{2R} & r \le R \\
I'm guessing that you meant to end an alignment here.

/home/ale/dev/nuclearcgm/chapters/finite_differences/shell_model/shell_model.tex:8: Misplaced \cr.
<inserted text> \cr 
                    
l.8         \frac
                 {3-(r/R)^2}{2R} & r \le R \\
I can't figure out why you would want to use a tab mark
or \cr or \span just now. If something like a right brace
up above has ended a previous alignment prematurely,
you're probably due for more error messages, and you
might try typing `S' now just to see what is salvageable.

/home/ale/dev/nuclearcgm/chapters/finite_differences/shell_model/shell_model.tex:8: Missing \cr inserted.
<inserted text> 
                \cr 
l.8         \frac
                 {3-(r/R)^2}{2R} & r \le R \\
I'm guessing that you meant to end an alignment here.

/home/ale/dev/nuclearcgm/chapters/finite_differences/shell_model/shell_model.tex:8: Misplaced \cr.
<inserted text> \cr 
                    
l.8         \frac
                 {3-(r/R)^2}{2R} & r \le R \\
I can't figure out why you would want to use a tab mark
or \cr or \span just now. If something like a right brace
up above has ended a previous alignment prematurely,
you're probably due for more error messages, and you
might try typing `S' now just to see what is salvageable.

/home/ale/dev/nuclearcgm/chapters/finite_differences/shell_model/shell_model.tex:8: Missing \cr inserted.
<inserted text> 
                \cr 
l.8         \frac
                 {3-(r/R)^2}{2R} & r \le R \\
I'm guessing that you meant to end an alignment here.

/home/ale/dev/nuclearcgm/chapters/finite_differences/shell_model/shell_model.tex:8: Misplaced \cr.
<inserted text> \cr 
                    
l.8         \frac
                 {3-(r/R)^2}{2R} & r \le R \\
I can't figure out why you would want to use a tab mark
or \cr or \span just now. If something like a right brace
up above has ended a previous alignment prematurely,
you're probably due for more error messages, and you
might try typing `S' now just to see what is salvageable.

/home/ale/dev/nuclearcgm/chapters/finite_differences/shell_model/shell_model.tex:8: Missing \cr inserted.
<inserted text> 
                \cr 
l.8         \frac
                 {3-(r/R)^2}{2R} & r \le R \\
I'm guessing that you meant to end an alignment here.

/home/ale/dev/nuclearcgm/chapters/finite_differences/shell_model/shell_model.tex:8: Misplaced \cr.
<inserted text> \cr 
                    
l.8         \frac
                 {3-(r/R)^2}{2R} & r \le R \\
I can't figure out why you would want to use a tab mark
or \cr or \span just now. If something like a right brace
up above has ended a previous alignment prematurely,
you're probably due for more error messages, and you
might try typing `S' now just to see what is salvageable.

/home/ale/dev/nuclearcgm/chapters/finite_differences/shell_model/shell_model.tex:8: Missing \cr inserted.
<inserted text> 
                \cr 
l.8         \frac
                 {3-(r/R)^2}{2R} & r \le R \\
I'm guessing that you meant to end an alignment here.

/home/ale/dev/nuclearcgm/chapters/finite_differences/shell_model/shell_model.tex:8: Misplaced \cr.
<inserted text> \cr 
                    
l.8         \frac
                 {3-(r/R)^2}{2R} & r \le R \\
I can't figure out why you would want to use a tab mark
or \cr or \span just now. If something like a right brace
up above has ended a previous alignment prematurely,
you're probably due for more error messages, and you
might try typing `S' now just to see what is salvageable.

/home/ale/dev/nuclearcgm/chapters/finite_differences/shell_model/shell_model.tex:8: Missing \cr inserted.
<inserted text> 
                \cr 
l.8         \frac
                 {3-(r/R)^2}{2R} & r \le R \\
I'm guessing that you meant to end an alignment here.

/home/ale/dev/nuclearcgm/chapters/finite_differences/shell_model/shell_model.tex:8: Misplaced \cr.
<inserted text> \cr 
                    
l.8         \frac
                 {3-(r/R)^2}{2R} & r \le R \\
I can't figure out why you would want to use a tab mark
or \cr or \span just now. If something like a right brace
up above has ended a previous alignment prematurely,
you're probably due for more error messages, and you
might try typing `S' now just to see what is salvageable.

/home/ale/dev/nuclearcgm/chapters/finite_differences/shell_model/shell_model.tex:8: Missing \cr inserted.
<inserted text> 
                \cr 
l.8         \frac
                 {3-(r/R)^2}{2R} & r \le R \\
I'm guessing that you meant to end an alignment here.

/home/ale/dev/nuclearcgm/chapters/finite_differences/shell_model/shell_model.tex:8: Misplaced \cr.
<inserted text> \cr 
                    
l.8         \frac
                 {3-(r/R)^2}{2R} & r \le R \\
I can't figure out why you would want to use a tab mark
or \cr or \span just now. If something like a right brace
up above has ended a previous alignment prematurely,
you're probably due for more error messages, and you
might try typing `S' now just to see what is salvageable.

/home/ale/dev/nuclearcgm/chapters/finite_differences/shell_model/shell_model.tex:8: Missing \cr inserted.
<inserted text> 
                \cr 
l.8         \frac
                 {3-(r/R)^2}{2R} & r \le R \\
I'm guessing that you meant to end an alignment here.

/home/ale/dev/nuclearcgm/chapters/finite_differences/shell_model/shell_model.tex:8: Misplaced \cr.
<inserted text> \cr 
                    
l.8         \frac
                 {3-(r/R)^2}{2R} & r \le R \\
I can't figure out why you would want to use a tab mark
or \cr or \span just now. If something like a right brace
up above has ended a previous alignment prematurely,
you're probably due for more error messages, and you
might try typing `S' now just to see what is salvageable.

/home/ale/dev/nuclearcgm/chapters/finite_differences/shell_model/shell_model.tex:8: Missing \cr inserted.
<inserted text> 
                \cr 
l.8         \frac
                 {3-(r/R)^2}{2R} & r \le R \\
I'm guessing that you meant to end an alignment here.

/home/ale/dev/nuclearcgm/chapters/finite_differences/shell_model/shell_model.tex:8: Misplaced \cr.
<inserted text> \cr 
                    
l.8         \frac
                 {3-(r/R)^2}{2R} & r \le R \\
I can't figure out why you would want to use a tab mark
or \cr or \span just now. If something like a right brace
up above has ended a previous alignment prematurely,
you're probably due for more error messages, and you
might try typing `S' now just to see what is salvageable.

/home/ale/dev/nuclearcgm/chapters/finite_differences/shell_model/shell_model.tex:8: Missing \cr inserted.
<inserted text> 
                \cr 
l.8         \frac
                 {3-(r/R)^2}{2R} & r \le R \\
I'm guessing that you meant to end an alignment here.

/home/ale/dev/nuclearcgm/chapters/finite_differences/shell_model/shell_model.tex:8: Misplaced \cr.
<inserted text> \cr 
                    
l.8         \frac
                 {3-(r/R)^2}{2R} & r \le R \\
I can't figure out why you would want to use a tab mark
or \cr or \span just now. If something like a right brace
up above has ended a previous alignment prematurely,
you're probably due for more error messages, and you
might try typing `S' now just to see what is salvageable.

/home/ale/dev/nuclearcgm/chapters/finite_differences/shell_model/shell_model.tex:8: Missing \cr inserted.
<inserted text> 
                \cr 
l.8         \frac
                 {3-(r/R)^2}{2R} & r \le R \\
I'm guessing that you meant to end an alignment here.

/home/ale/dev/nuclearcgm/chapters/finite_differences/shell_model/shell_model.tex:8: Misplaced \cr.
<inserted text> \cr 
                    
l.8         \frac
                 {3-(r/R)^2}{2R} & r \le R \\
I can't figure out why you would want to use a tab mark
or \cr or \span just now. If something like a right brace
up above has ended a previous alignment prematurely,
you're probably due for more error messages, and you
might try typing `S' now just to see what is salvageable.

/home/ale/dev/nuclearcgm/chapters/finite_differences/shell_model/shell_model.tex:8: Missing \cr inserted.
<inserted text> 
                \cr 
l.8         \frac
                 {3-(r/R)^2}{2R} & r \le R \\
I'm guessing that you meant to end an alignment here.

/home/ale/dev/nuclearcgm/chapters/finite_differences/shell_model/shell_model.tex:8: Misplaced \cr.
<inserted text> \cr 
                    
l.8         \frac
                 {3-(r/R)^2}{2R} & r \le R \\
I can't figure out why you would want to use a tab mark
or \cr or \span just now. If something like a right brace
up above has ended a previous alignment prematurely,
you're probably due for more error messages, and you
might try typing `S' now just to see what is salvageable.

/home/ale/dev/nuclearcgm/chapters/finite_differences/shell_model/shell_model.tex:8: Missing \cr inserted.
<inserted text> 
                \cr 
l.8         \frac
                 {3-(r/R)^2}{2R} & r \le R \\
I'm guessing that you meant to end an alignment here.

/home/ale/dev/nuclearcgm/chapters/finite_differences/shell_model/shell_model.tex:8: Misplaced \cr.
<inserted text> \cr 
                    
l.8         \frac
                 {3-(r/R)^2}{2R} & r \le R \\
I can't figure out why you would want to use a tab mark
or \cr or \span just now. If something like a right brace
up above has ended a previous alignment prematurely,
you're probably due for more error messages, and you
might try typing `S' now just to see what is salvageable.

/home/ale/dev/nuclearcgm/chapters/finite_differences/shell_model/shell_model.tex:8: Missing \cr inserted.
<inserted text> 
                \cr 
l.8         \frac
                 {3-(r/R)^2}{2R} & r \le R \\
I'm guessing that you meant to end an alignment here.

/home/ale/dev/nuclearcgm/chapters/finite_differences/shell_model/shell_model.tex:8: Misplaced \cr.
<inserted text> \cr 
                    
l.8         \frac
                 {3-(r/R)^2}{2R} & r \le R \\
I can't figure out why you would want to use a tab mark
or \cr or \span just now. If something like a right brace
up above has ended a previous alignment prematurely,
you're probably due for more error messages, and you
might try typing `S' now just to see what is salvageable.

/home/ale/dev/nuclearcgm/chapters/finite_differences/shell_model/shell_model.tex:8: Missing \cr inserted.
<inserted text> 
                \cr 
l.8         \frac
                 {3-(r/R)^2}{2R} & r \le R \\
I'm guessing that you meant to end an alignment here.

/home/ale/dev/nuclearcgm/chapters/finite_differences/shell_model/shell_model.tex:8: Misplaced \cr.
<inserted text> \cr 
                    
l.8         \frac
                 {3-(r/R)^2}{2R} & r \le R \\
I can't figure out why you would want to use a tab mark
or \cr or \span just now. If something like a right brace
up above has ended a previous alignment prematurely,
you're probably due for more error messages, and you
might try typing `S' now just to see what is salvageable.

/home/ale/dev/nuclearcgm/chapters/finite_differences/shell_model/shell_model.tex:8: Missing \cr inserted.
<inserted text> 
                \cr 
l.8         \frac
                 {3-(r/R)^2}{2R} & r \le R \\
I'm guessing that you meant to end an alignment here.

/home/ale/dev/nuclearcgm/chapters/finite_differences/shell_model/shell_model.tex:8: Misplaced \cr.
<inserted text> \cr 
                    
l.8         \frac
                 {3-(r/R)^2}{2R} & r \le R \\
I can't figure out why you would want to use a tab mark
or \cr or \span just now. If something like a right brace
up above has ended a previous alignment prematurely,
you're probably due for more error messages, and you
might try typing `S' now just to see what is salvageable.

/home/ale/dev/nuclearcgm/chapters/finite_differences/shell_model/shell_model.tex:8: Missing \cr inserted.
<inserted text> 
                \cr 
l.8         \frac
                 {3-(r/R)^2}{2R} & r \le R \\
I'm guessing that you meant to end an alignment here.

/home/ale/dev/nuclearcgm/chapters/finite_differences/shell_model/shell_model.tex:8: Misplaced \cr.
<inserted text> \cr 
                    
l.8         \frac
                 {3-(r/R)^2}{2R} & r \le R \\
I can't figure out why you would want to use a tab mark
or \cr or \span just now. If something like a right brace
up above has ended a previous alignment prematurely,
you're probably due for more error messages, and you
might try typing `S' now just to see what is salvageable.

/home/ale/dev/nuclearcgm/chapters/finite_differences/shell_model/shell_model.tex:8: Missing \cr inserted.
<inserted text> 
                \cr 
l.8         \frac
                 {3-(r/R)^2}{2R} & r \le R \\
I'm guessing that you meant to end an alignment here.

/home/ale/dev/nuclearcgm/chapters/finite_differences/shell_model/shell_model.tex:8: Misplaced \cr.
<inserted text> \cr 
                    
l.8         \frac
                 {3-(r/R)^2}{2R} & r \le R \\
I can't figure out why you would want to use a tab mark
or \cr or \span just now. If something like a right brace
up above has ended a previous alignment prematurely,
you're probably due for more error messages, and you
might try typing `S' now just to see what is salvageable.

/home/ale/dev/nuclearcgm/chapters/finite_differences/shell_model/shell_model.tex:8: Missing \cr inserted.
<inserted text> 
                \cr 
l.8         \frac
                 {3-(r/R)^2}{2R} & r \le R \\
I'm guessing that you meant to end an alignment here.

/home/ale/dev/nuclearcgm/chapters/finite_differences/shell_model/shell_model.tex:8: Misplaced \cr.
<inserted text> \cr 
                    
l.8         \frac
                 {3-(r/R)^2}{2R} & r \le R \\
I can't figure out why you would want to use a tab mark
or \cr or \span just now. If something like a right brace
up above has ended a previous alignment prematurely,
you're probably due for more error messages, and you
might try typing `S' now just to see what is salvageable.

/home/ale/dev/nuclearcgm/chapters/finite_differences/shell_model/shell_model.tex:8: Missing \cr inserted.
<inserted text> 
                \cr 
l.8         \frac
                 {3-(r/R)^2}{2R} & r \le R \\
I'm guessing that you meant to end an alignment here.

/home/ale/dev/nuclearcgm/chapters/finite_differences/shell_model/shell_model.tex:8: Misplaced \cr.
<inserted text> \cr 
                    
l.8         \frac
                 {3-(r/R)^2}{2R} & r \le R \\
I can't figure out why you would want to use a tab mark
or \cr or \span just now. If something like a right brace
up above has ended a previous alignment prematurely,
you're probably due for more error messages, and you
might try typing `S' now just to see what is salvageable.

/home/ale/dev/nuclearcgm/chapters/finite_differences/shell_model/shell_model.tex:8: Missing \cr inserted.
<inserted text> 
                \cr 
l.8         \frac
                 {3-(r/R)^2}{2R} & r \le R \\
I'm guessing that you meant to end an alignment here.

/home/ale/dev/nuclearcgm/chapters/finite_differences/shell_model/shell_model.tex:8: Misplaced \cr.
<inserted text> \cr 
                    
l.8         \frac
                 {3-(r/R)^2}{2R} & r \le R \\
I can't figure out why you would want to use a tab mark
or \cr or \span just now. If something like a right brace
up above has ended a previous alignment prematurely,
you're probably due for more error messages, and you
might try typing `S' now just to see what is salvageable.

/home/ale/dev/nuclearcgm/chapters/finite_differences/shell_model/shell_model.tex:8: Missing \cr inserted.
<inserted text> 
                \cr 
l.8         \frac
                 {3-(r/R)^2}{2R} & r \le R \\
I'm guessing that you meant to end an alignment here.

/home/ale/dev/nuclearcgm/chapters/finite_differences/shell_model/shell_model.tex:8: Misplaced \cr.
<inserted text> \cr 
                    
l.8         \frac
                 {3-(r/R)^2}{2R} & r \le R \\
I can't figure out why you would want to use a tab mark
or \cr or \span just now. If something like a right brace
up above has ended a previous alignment prematurely,
you're probably due for more error messages, and you
might try typing `S' now just to see what is salvageable.

/home/ale/dev/nuclearcgm/chapters/finite_differences/shell_model/shell_model.tex:8: Missing \cr inserted.
<inserted text> 
                \cr 
l.8         \frac
                 {3-(r/R)^2}{2R} & r \le R \\
I'm guessing that you meant to end an alignment here.

/home/ale/dev/nuclearcgm/chapters/finite_differences/shell_model/shell_model.tex:8: Misplaced \cr.
<inserted text> \cr 
                    
l.8         \frac
                 {3-(r/R)^2}{2R} & r \le R \\
I can't figure out why you would want to use a tab mark
or \cr or \span just now. If something like a right brace
up above has ended a previous alignment prematurely,
you're probably due for more error messages, and you
might try typing `S' now just to see what is salvageable.

/home/ale/dev/nuclearcgm/chapters/finite_differences/shell_model/shell_model.tex:8: Missing \cr inserted.
<inserted text> 
                \cr 
l.8         \frac
                 {3-(r/R)^2}{2R} & r \le R \\
I'm guessing that you meant to end an alignment here.

/home/ale/dev/nuclearcgm/chapters/finite_differences/shell_model/shell_model.tex:8: Misplaced \cr.
<inserted text> \cr 
                    
l.8         \frac
                 {3-(r/R)^2}{2R} & r \le R \\
I can't figure out why you would want to use a tab mark
or \cr or \span just now. If something like a right brace
up above has ended a previous alignment prematurely,
you're probably due for more error messages, and you
might try typing `S' now just to see what is salvageable.

/home/ale/dev/nuclearcgm/chapters/finite_differences/shell_model/shell_model.tex:8: Missing \cr inserted.
<inserted text> 
                \cr 
l.8         \frac
                 {3-(r/R)^2}{2R} & r \le R \\
I'm guessing that you meant to end an alignment here.

/home/ale/dev/nuclearcgm/chapters/finite_differences/shell_model/shell_model.tex:8: Misplaced \cr.
<inserted text> \cr 
                    
l.8         \frac
                 {3-(r/R)^2}{2R} & r \le R \\
I can't figure out why you would want to use a tab mark
or \cr or \span just now. If something like a right brace
up above has ended a previous alignment prematurely,
you're probably due for more error messages, and you
might try typing `S' now just to see what is salvageable.

/home/ale/dev/nuclearcgm/chapters/finite_differences/shell_model/shell_model.tex:8: Missing \cr inserted.
<inserted text> 
                \cr 
l.8         \frac
                 {3-(r/R)^2}{2R} & r \le R \\
I'm guessing that you meant to end an alignment here.

/home/ale/dev/nuclearcgm/chapters/finite_differences/shell_model/shell_model.tex:8: Misplaced \cr.
<inserted text> \cr 
                    
l.8         \frac
                 {3-(r/R)^2}{2R} & r \le R \\
I can't figure out why you would want to use a tab mark
or \cr or \span just now. If something like a right brace
up above has ended a previous alignment prematurely,
you're probably due for more error messages, and you
might try typing `S' now just to see what is salvageable.

/home/ale/dev/nuclearcgm/chapters/finite_differences/shell_model/shell_model.tex:8: Missing \cr inserted.
<inserted text> 
                \cr 
l.8         \frac
                 {3-(r/R)^2}{2R} & r \le R \\
I'm guessing that you meant to end an alignment here.

/home/ale/dev/nuclearcgm/chapters/finite_differences/shell_model/shell_model.tex:8: Misplaced \cr.
<inserted text> \cr 
                    
l.8         \frac
                 {3-(r/R)^2}{2R} & r \le R \\
I can't figure out why you would want to use a tab mark
or \cr or \span just now. If something like a right brace
up above has ended a previous alignment prematurely,
you're probably due for more error messages, and you
might try typing `S' now just to see what is salvageable.

/home/ale/dev/nuclearcgm/chapters/finite_differences/shell_model/shell_model.tex:8: Missing \cr inserted.
<inserted text> 
                \cr 
l.8         \frac
                 {3-(r/R)^2}{2R} & r \le R \\
I'm guessing that you meant to end an alignment here.

/home/ale/dev/nuclearcgm/chapters/finite_differences/shell_model/shell_model.tex:8: Misplaced \cr.
<inserted text> \cr 
                    
l.8         \frac
                 {3-(r/R)^2}{2R} & r \le R \\
I can't figure out why you would want to use a tab mark
or \cr or \span just now. If something like a right brace
up above has ended a previous alignment prematurely,
you're probably due for more error messages, and you
might try typing `S' now just to see what is salvageable.

/home/ale/dev/nuclearcgm/chapters/finite_differences/shell_model/shell_model.tex:8: Missing \cr inserted.
<inserted text> 
                \cr 
l.8         \frac
                 {3-(r/R)^2}{2R} & r \le R \\
I'm guessing that you meant to end an alignment here.

/home/ale/dev/nuclearcgm/chapters/finite_differences/shell_model/shell_model.tex:8: Misplaced \cr.
<inserted text> \cr 
                    
l.8         \frac
                 {3-(r/R)^2}{2R} & r \le R \\
I can't figure out why you would want to use a tab mark
or \cr or \span just now. If something like a right brace
up above has ended a previous alignment prematurely,
you're probably due for more error messages, and you
might try typing `S' now just to see what is salvageable.

/home/ale/dev/nuclearcgm/chapters/finite_differences/shell_model/shell_model.tex:8: Missing \cr inserted.
<inserted text> 
                \cr 
l.8         \frac
                 {3-(r/R)^2}{2R} & r \le R \\
I'm guessing that you meant to end an alignment here.

/home/ale/dev/nuclearcgm/chapters/finite_differences/shell_model/shell_model.tex:8: Misplaced \cr.
<inserted text> \cr 
                    
l.8         \frac
                 {3-(r/R)^2}{2R} & r \le R \\
I can't figure out why you would want to use a tab mark
or \cr or \span just now. If something like a right brace
up above has ended a previous alignment prematurely,
you're probably due for more error messages, and you
might try typing `S' now just to see what is salvageable.

/home/ale/dev/nuclearcgm/chapters/finite_differences/shell_model/shell_model.tex:8: Missing \cr inserted.
<inserted text> 
                \cr 
l.8         \frac
                 {3-(r/R)^2}{2R} & r \le R \\
I'm guessing that you meant to end an alignment here.

/home/ale/dev/nuclearcgm/chapters/finite_differences/shell_model/shell_model.tex:8: Misplaced \cr.
<inserted text> \cr 
                    
l.8         \frac
                 {3-(r/R)^2}{2R} & r \le R \\
I can't figure out why you would want to use a tab mark
or \cr or \span just now. If something like a right brace
up above has ended a previous alignment prematurely,
you're probably due for more error messages, and you
might try typing `S' now just to see what is salvageable.

/home/ale/dev/nuclearcgm/chapters/finite_differences/shell_model/shell_model.tex:8: Missing \cr inserted.
<inserted text> 
                \cr 
l.8         \frac
                 {3-(r/R)^2}{2R} & r \le R \\
I'm guessing that you meant to end an alignment here.

/home/ale/dev/nuclearcgm/chapters/finite_differences/shell_model/shell_model.tex:8: Misplaced \cr.
<inserted text> \cr 
                    
l.8         \frac
                 {3-(r/R)^2}{2R} & r \le R \\
I can't figure out why you would want to use a tab mark
or \cr or \span just now. If something like a right brace
up above has ended a previous alignment prematurely,
you're probably due for more error messages, and you
might try typing `S' now just to see what is salvageable.

/home/ale/dev/nuclearcgm/chapters/finite_differences/shell_model/shell_model.tex:8: Missing \cr inserted.
<inserted text> 
                \cr 
l.8         \frac
                 {3-(r/R)^2}{2R} & r \le R \\
I'm guessing that you meant to end an alignment here.

/home/ale/dev/nuclearcgm/chapters/finite_differences/shell_model/shell_model.tex:8: Misplaced \cr.
<inserted text> \cr 
                    
l.8         \frac
                 {3-(r/R)^2}{2R} & r \le R \\
I can't figure out why you would want to use a tab mark
or \cr or \span just now. If something like a right brace
up above has ended a previous alignment prematurely,
you're probably due for more error messages, and you
might try typing `S' now just to see what is salvageable.

/home/ale/dev/nuclearcgm/chapters/finite_differences/shell_model/shell_model.tex:8: Missing \cr inserted.
<inserted text> 
                \cr 
l.8         \frac
                 {3-(r/R)^2}{2R} & r \le R \\
I'm guessing that you meant to end an alignment here.

/home/ale/dev/nuclearcgm/chapters/finite_differences/shell_model/shell_model.tex:8: Misplaced \cr.
<inserted text> \cr 
                    
l.8         \frac
                 {3-(r/R)^2}{2R} & r \le R \\
I can't figure out why you would want to use a tab mark
or \cr or \span just now. If something like a right brace
up above has ended a previous alignment prematurely,
you're probably due for more error messages, and you
might try typing `S' now just to see what is salvageable.

/home/ale/dev/nuclearcgm/chapters/finite_differences/shell_model/shell_model.tex:8: Missing \cr inserted.
<inserted text> 
                \cr 
l.8         \frac
                 {3-(r/R)^2}{2R} & r \le R \\
I'm guessing that you meant to end an alignment here.

/home/ale/dev/nuclearcgm/chapters/finite_differences/shell_model/shell_model.tex:8: Misplaced \cr.
<inserted text> \cr 
                    
l.8         \frac
                 {3-(r/R)^2}{2R} & r \le R \\
I can't figure out why you would want to use a tab mark
or \cr or \span just now. If something like a right brace
up above has ended a previous alignment prematurely,
you're probably due for more error messages, and you
might try typing `S' now just to see what is salvageable.

/home/ale/dev/nuclearcgm/chapters/finite_differences/shell_model/shell_model.tex:8: Missing \cr inserted.
<inserted text> 
                \cr 
l.8         \frac
                 {3-(r/R)^2}{2R} & r \le R \\
I'm guessing that you meant to end an alignment here.

/home/ale/dev/nuclearcgm/chapters/finite_differences/shell_model/shell_model.tex:8: Misplaced \cr.
<inserted text> \cr 
                    
l.8         \frac
                 {3-(r/R)^2}{2R} & r \le R \\
I can't figure out why you would want to use a tab mark
or \cr or \span just now. If something like a right brace
up above has ended a previous alignment prematurely,
you're probably due for more error messages, and you
might try typing `S' now just to see what is salvageable.

/home/ale/dev/nuclearcgm/chapters/finite_differences/shell_model/shell_model.tex:8: Missing \cr inserted.
<inserted text> 
                \cr 
l.8         \frac
                 {3-(r/R)^2}{2R} & r \le R \\
I'm guessing that you meant to end an alignment here.

/home/ale/dev/nuclearcgm/chapters/finite_differences/shell_model/shell_model.tex:8: Misplaced \cr.
<inserted text> \cr 
                    
l.8         \frac
                 {3-(r/R)^2}{2R} & r \le R \\
I can't figure out why you would want to use a tab mark
or \cr or \span just now. If something like a right brace
up above has ended a previous alignment prematurely,
you're probably due for more error messages, and you
might try typing `S' now just to see what is salvageable.

/home/ale/dev/nuclearcgm/chapters/finite_differences/shell_model/shell_model.tex:8: Missing \cr inserted.
<inserted text> 
                \cr 
l.8         \frac
                 {3-(r/R)^2}{2R} & r \le R \\
I'm guessing that you meant to end an alignment here.

/home/ale/dev/nuclearcgm/chapters/finite_differences/shell_model/shell_model.tex:8: Misplaced \cr.
<inserted text> \cr 
                    
l.8         \frac
                 {3-(r/R)^2}{2R} & r \le R \\
I can't figure out why you would want to use a tab mark
or \cr or \span just now. If something like a right brace
up above has ended a previous alignment prematurely,
you're probably due for more error messages, and you
might try typing `S' now just to see what is salvageable.

/home/ale/dev/nuclearcgm/chapters/finite_differences/shell_model/shell_model.tex:8: Missing \cr inserted.
<inserted text> 
                \cr 
l.8         \frac
                 {3-(r/R)^2}{2R} & r \le R \\
I'm guessing that you meant to end an alignment here.

/home/ale/dev/nuclearcgm/chapters/finite_differences/shell_model/shell_model.tex:8: Misplaced \cr.
<inserted text> \cr 
                    
l.8         \frac
                 {3-(r/R)^2}{2R} & r \le R \\
I can't figure out why you would want to use a tab mark
or \cr or \span just now. If something like a right brace
up above has ended a previous alignment prematurely,
you're probably due for more error messages, and you
might try typing `S' now just to see what is salvageable.

/home/ale/dev/nuclearcgm/chapters/finite_differences/shell_model/shell_model.tex:8: Missing \cr inserted.
<inserted text> 
                \cr 
l.8         \frac
                 {3-(r/R)^2}{2R} & r \le R \\
I'm guessing that you meant to end an alignment here.

/home/ale/dev/nuclearcgm/chapters/finite_differences/shell_model/shell_model.tex:8: Misplaced \cr.
<inserted text> \cr 
                    
l.8         \frac
                 {3-(r/R)^2}{2R} & r \le R \\
I can't figure out why you would want to use a tab mark
or \cr or \span just now. If something like a right brace
up above has ended a previous alignment prematurely,
you're probably due for more error messages, and you
might try typing `S' now just to see what is salvageable.

/home/ale/dev/nuclearcgm/chapters/finite_differences/shell_model/shell_model.tex:8: Missing \cr inserted.
<inserted text> 
                \cr 
l.8         \frac
                 {3-(r/R)^2}{2R} & r \le R \\
I'm guessing that you meant to end an alignment here.

/home/ale/dev/nuclearcgm/chapters/finite_differences/shell_model/shell_model.tex:8: Misplaced \cr.
<inserted text> \cr 
                    
l.8         \frac
                 {3-(r/R)^2}{2R} & r \le R \\
(That makes 100 errors; please try again.) 
Here is how much of TeX's memory you used:
 19 strings out of 476034
 620 string characters out of 5792865
 1849388 words of memory out of 6000000
 20573 multiletter control sequences out of 15000+600000
 512287 words of font info for 32 fonts, out of 8000000 for 9000
 1137 hyphenation exceptions out of 8191
 18i,7n,12p,275b,67s stack positions out of 10000i,1000n,20000p,200000b,200000s

/home/ale/dev/nuclearcgm/chapters/finite_differences/shell_model/shell_model.tex:8:  ==> Fatal error occurred, no output PDF file produced!
