 Interaction used: 
SLy5 

 -0.24849E+04  0.48313E+03 -0.54940E+03  0.13763E+05  0.77800E+00 -0.32800E+00 -0.10000E+01  0.12670E+01
  0.00000E+00  0.16667E+00  0.12600E+03

  Coupling constants

 C_0^\rho =   -931.83000000000004       +    860.18750000000000       *\rho^  0.16666660000000000     
 C_1^\rho =    793.91916000000003       +   -1013.3008749999999       *\rho^  0.16666660000000000     
 C_0^\delta\rho =   -76.524531249999995     
 C_1^\delta\rho =    16.374846249999997     
 C_0^\tau =    56.249374999999986     
 C_1^\tau =    23.950204999999997     
 C_0^s =   -172.69916000000001       +    439.84254166666659       *\rho^  0.16666660000000000     
 C_1^s =    310.61000000000001       +   -286.72916666666669       *\rho^  0.16666660000000000     
 C_0^\nabla J =   -94.500000000000000     
 C_1^\nabla J =   -31.500000000000000     
 C_0^\Delta s =    46.087341249999994     
 C_1^\Delta s =    14.062343749999998     
 C_0^T =   -15.666454999999999     
 C_1^T =   -64.533124999999998     
 isj,itens=           0           0
***************************************************************************
HF                                                                              
***************************************************************************

 Number of points and mesh:          150  0.10000000000000001     

 Initial guess for lambda_p,lambda_n,                  parameters bcsp,bcsn: 
  -7.0000000000000000       -7.0000000000000000                0           0
 No pairing
 NO COULOMB
 NO COULOMB EXCHANGE
 NO J2 TERMS

 Added (total) proton and neutron levels: 
           0           3
           0           6
 BCS cutoff energies: 
   0.0000000000000000        1000.0000000000000     

***************************************************************************

NOYAU DE MASSE A=     16.0   ET DE CHARGE Z=    8

***************************************************************************

 itmax=          90


           0   beta_C =   -48.866669999999999     
           0   beta_T =    0.0000000000000000     


           0   alpha_C =    80.199579999999997     
           0   alpha_T =    4.8077111071919705E-310

           1   0.0000000000000000     
           2   9.9100473758834795E-002
           3   9.6066278831933971E-002
           4   9.3176249194637961E-002
           5   9.0420133593394070E-002
           6  0.43259217522870586     
           7  0.37382275935746279     
           8  0.32629917770784544     
           9  0.28703064739168838     
          10  0.25403775090100567     
          11  0.31509096821328342     
          12  0.26849724996406543     
          13  0.23026804806974610     
          14  0.19846832590789809     
          15  0.17172843545114169     
          16  0.21222324942336712     
          17  0.17317040378242687     
          18  0.14179370837104344     
          19  0.11633886585356201     
          20  0.10699467048571165     
          21  0.14733968008886222     
          22  0.12819055346407993     
          23  0.11068759429499408     
          24   9.5012557500652406E-002
          25   8.1170549495531930E-002
          26   6.9070741917997225E-002
          27   5.8574335662108012E-002
          28   4.9522874771234626E-002
          29   4.1754707515970324E-002
          30   3.5114258086238692E-002
          31   3.9279562069282292E-002
          32   3.0731261295770196E-002
          33   2.3927277341265096E-002
          34   1.8536853942677567E-002
          35   1.4284735603730780E-002
          36   1.0944443383309022E-002
          37   8.3312313286185713E-003
          38   6.2954160659174363E-003
          39   5.1625984123813140E-003
          40   4.6569840808921015E-003
          41   6.2376593565787175E-003
          42   5.1675448947499092E-003
          43   4.2085597683954035E-003
          44   3.3848377539698049E-003
          45   2.6966459939554710E-003
          46   2.1326768214819936E-003
          47   1.6769513712944217E-003
          48   1.3125575167940440E-003
          49   1.0235462071133128E-003
          50   7.9577607592362654E-004
          51   8.2290103405568971E-004
          52   5.7494019558390619E-004
          53   4.0025145547772922E-004
          54   2.7789914717679665E-004
          55   1.9257158425745047E-004
          56   1.3325424072085923E-004
          57   9.2115524966018825E-005
          58   6.3633544575836254E-005
          59   4.3938848452995671E-005
          60   3.0332235636976179E-005
          61   2.0937198360826415E-005
          62   1.4452473676485056E-005
          63   9.9773241029055271E-006
          64   6.8891316455932383E-006
          65   4.7579097923744484E-006
          66   3.2868997781321241E-006
          67   2.2713605947188853E-006
          68   1.5700918751804238E-006
          69   1.0856944694381809E-006
          70   7.5099853447113674E-007
 reached desired convergence: 
   7.5099853447113674E-007

   1S1/2 1     E=-0.3631E+02     DEG= 0.2000E+01      D=  0.0000      NI= 0.1000E+01 s.o.(e.m.)=-0.0000E+00
   1P3/2 1     E=-0.2070E+02     DEG= 0.4000E+01      D=  0.0000      NI= 0.1000E+01 s.o.(e.m.)=-0.1859E-01
   1P1/2 1     E=-0.1434E+02     DEG= 0.2000E+01      D=  0.0000      NI= 0.1000E+01 s.o.(e.m.)= 0.3557E-01
   1S1/2 0     E=-0.3631E+02     DEG= 0.2000E+01      D=  0.0000      NI= 0.1000E+01 s.o.(e.m.)= 0.0000E+00
   1P3/2 0     E=-0.2070E+02     DEG= 0.4000E+01      D=  0.0000      NI= 0.1000E+01 s.o.(e.m.)= 0.1486E-01
   1P1/2 0     E=-0.1434E+02     DEG= 0.2000E+01      D=  0.0000      NI= 0.1000E+01 s.o.(e.m.)=-0.2843E-01
  ECB(DIRECT)= 0.00000E+00     ECB(EXCHANGE)= 0.00000E+00

 prefac,fac1,fac2,aint1,aint2:                  -Infinity   4.8077111071919705E-310   4.8077111071919705E-310   3.5692034740859797E-004   1.7846017370429901E-004
 e_gt_shift:                  -Infinity
 old WRONG result was:                  -Infinity

 E(s.o.) =   -1.0566871052978597     
 E(t0) =   -1331.9789259287834     
 E(t3) =    850.75284939479786     
 E(t1,t2) =    114.41159901109305     

 h0,etot,erea=  -4.4500593877021188       -8.8810620392315904       -4.4310026515294707     
 sumuv=   0.0000000000000000     
           4   0.0000000000000000     
           5   0.0000000000000000     
           6   0.0000000000000000     

 EC/A= 0.14110904E+02 EHF/A=-0.44500594E+01 EREA/A=-0.44310027E+01 ETOT/A=-0.88810620E+01


 epair=   0.0000000000000000        0.0000000000000000     
 EPAIR/A=   0.0000000000000000      ETOT/A=  -8.8810620392315904     

 ETOT=  -142.09699262770545     

 E (direct integration) =   -142.09670741735243     
 Delta (%) =    2.0071526338375851E-004
 virial theorem =    2.1498895524018735E-002
 m(3) for the monopole =    7461720.3984079631     

 Direct Coulomb displacement energy                       NaN


 RN=  0.26516E+01 RP=  0.26516E+01 RC=  0.27684E+01


 radii squared   7.0307413472543105        7.0307413472543105        7.6639514705473193     
 SD sum rule   0.0000000000000000     


  DENSITE NEUTRONS

 0.77653E-01 0.77832E-01 0.78124E-01 0.78493E-01 0.78902E-01 0.79307E-01 0.79660E-01 0.79912E-01 0.80017E-01 0.79931E-01
 0.79615E-01 0.79034E-01 0.78163E-01 0.76980E-01 0.75473E-01 0.73636E-01 0.71470E-01 0.68984E-01 0.66193E-01 0.63120E-01
 0.59792E-01 0.56245E-01 0.52518E-01 0.48655E-01 0.44705E-01 0.40720E-01 0.36753E-01 0.32857E-01 0.29084E-01 0.25482E-01
 0.22094E-01 0.18955E-01 0.16093E-01 0.13524E-01 0.11255E-01 0.92806E-02 0.75887E-02 0.61590E-02 0.49662E-02 0.39825E-02
 0.31793E-02 0.25290E-02 0.20062E-02 0.15883E-02 0.12557E-02 0.99189E-03 0.78320E-03 0.61838E-03 0.48835E-03 0.38583E-03
 0.30502E-03 0.24131E-03 0.19107E-03 0.15142E-03 0.12012E-03 0.95376E-04 0.75807E-04 0.60314E-04 0.48035E-04 0.38294E-04
 0.30559E-04 0.24410E-04 0.19518E-04 0.15620E-04 0.12513E-04 0.10033E-04 0.80512E-05 0.64667E-05 0.51985E-05 0.41825E-05
 0.33678E-05 0.27139E-05 0.21887E-05 0.17664E-05 0.14267E-05 0.11531E-05 0.93269E-06 0.75491E-06 0.61142E-06 0.49553E-06
 0.40186E-06 0.32610E-06 0.26479E-06 0.21513E-06 0.17489E-06 0.14225E-06 0.11577E-06 0.94274E-07 0.76808E-07 0.62610E-07
 0.51062E-07 0.41665E-07 0.34013E-07 0.27780E-07 0.22700E-07 0.18557E-07 0.15177E-07 0.12417E-07 0.10164E-07 0.83229E-08
 0.68181E-08 0.55874E-08 0.45806E-08 0.37565E-08 0.30818E-08 0.25291E-08 0.20762E-08 0.17049E-08 0.14005E-08 0.11507E-08
 0.94568E-09 0.77740E-09 0.63919E-09 0.52566E-09 0.43236E-09 0.35567E-09 0.29261E-09 0.24074E-09 0.19806E-09 0.16294E-09
 0.13403E-09 0.11023E-09 0.90620E-10 0.74471E-10 0.61165E-10 0.50200E-10 0.41163E-10 0.33713E-10 0.27573E-10 0.22511E-10
 0.18338E-10 0.14898E-10 0.12064E-10 0.97290E-11 0.78069E-11 0.62258E-11 0.49267E-11 0.38613E-11 0.29896E-11 0.22790E-11
 0.17025E-11 0.12383E-11 0.86848E-12 0.57858E-12 0.35701E-12 0.19460E-12 0.84242E-13 0.20619E-13 0.00000E+00 0.00000E+00


  DENSITE PROTONS 

 0.77653E-01 0.77832E-01 0.78124E-01 0.78493E-01 0.78902E-01 0.79307E-01 0.79660E-01 0.79912E-01 0.80017E-01 0.79931E-01
 0.79615E-01 0.79034E-01 0.78163E-01 0.76980E-01 0.75473E-01 0.73636E-01 0.71470E-01 0.68984E-01 0.66193E-01 0.63120E-01
 0.59792E-01 0.56245E-01 0.52518E-01 0.48655E-01 0.44705E-01 0.40720E-01 0.36753E-01 0.32857E-01 0.29084E-01 0.25482E-01
 0.22094E-01 0.18955E-01 0.16093E-01 0.13524E-01 0.11255E-01 0.92806E-02 0.75887E-02 0.61590E-02 0.49662E-02 0.39825E-02
 0.31793E-02 0.25290E-02 0.20062E-02 0.15883E-02 0.12557E-02 0.99189E-03 0.78320E-03 0.61838E-03 0.48835E-03 0.38583E-03
 0.30502E-03 0.24131E-03 0.19107E-03 0.15142E-03 0.12012E-03 0.95376E-04 0.75807E-04 0.60314E-04 0.48035E-04 0.38294E-04
 0.30559E-04 0.24410E-04 0.19518E-04 0.15620E-04 0.12513E-04 0.10033E-04 0.80512E-05 0.64667E-05 0.51985E-05 0.41825E-05
 0.33678E-05 0.27139E-05 0.21887E-05 0.17664E-05 0.14267E-05 0.11531E-05 0.93269E-06 0.75491E-06 0.61142E-06 0.49553E-06
 0.40186E-06 0.32610E-06 0.26479E-06 0.21513E-06 0.17489E-06 0.14225E-06 0.11577E-06 0.94274E-07 0.76808E-07 0.62610E-07
 0.51062E-07 0.41665E-07 0.34013E-07 0.27780E-07 0.22700E-07 0.18557E-07 0.15177E-07 0.12417E-07 0.10164E-07 0.83229E-08
 0.68181E-08 0.55874E-08 0.45806E-08 0.37565E-08 0.30818E-08 0.25291E-08 0.20762E-08 0.17049E-08 0.14005E-08 0.11507E-08
 0.94568E-09 0.77740E-09 0.63919E-09 0.52566E-09 0.43236E-09 0.35567E-09 0.29261E-09 0.24074E-09 0.19806E-09 0.16294E-09
 0.13403E-09 0.11023E-09 0.90620E-10 0.74471E-10 0.61165E-10 0.50200E-10 0.41163E-10 0.33713E-10 0.27573E-10 0.22511E-10
 0.18338E-10 0.14898E-10 0.12064E-10 0.97290E-11 0.78069E-11 0.62258E-11 0.49267E-11 0.38613E-11 0.29896E-11 0.22790E-11
 0.17025E-11 0.12383E-11 0.86848E-12 0.57858E-12 0.35701E-12 0.19460E-12 0.84242E-13 0.20619E-13 0.00000E+00 0.00000E+00


  DENSITE CHARGE  

 0.79457E-01 0.78816E-01 0.78955E-01 0.79204E-01 0.78726E-01 0.78537E-01 0.78422E-01 0.77920E-01 0.77316E-01 0.76656E-01
 0.75752E-01 0.74622E-01 0.73311E-01 0.71763E-01 0.69973E-01 0.67954E-01 0.65703E-01 0.63229E-01 0.60547E-01 0.57676E-01
 0.54639E-01 0.51465E-01 0.48185E-01 0.44831E-01 0.41441E-01 0.38049E-01 0.34692E-01 0.31406E-01 0.28223E-01 0.25174E-01
 0.22284E-01 0.19575E-01 0.17062E-01 0.14758E-01 0.12667E-01 0.10790E-01 0.91238E-02 0.76596E-02 0.63861E-02 0.52895E-02
 0.43542E-02 0.35637E-02 0.29013E-02 0.23507E-02 0.18965E-02 0.15243E-02 0.12212E-02 0.97570E-03 0.77784E-03 0.61901E-03
 0.49197E-03 0.39063E-03 0.30998E-03 0.24591E-03 0.19508E-03 0.15478E-03 0.12286E-03 0.97565E-04 0.77529E-04 0.61651E-04
 0.49064E-04 0.39080E-04 0.31154E-04 0.24858E-04 0.19852E-04 0.15869E-04 0.12696E-04 0.10167E-04 0.81493E-05 0.65375E-05
 0.52491E-05 0.42182E-05 0.33926E-05 0.27308E-05 0.21999E-05 0.17735E-05 0.14309E-05 0.11554E-05 0.93357E-06 0.75489E-06
 0.61083E-06 0.49459E-06 0.40075E-06 0.32492E-06 0.26360E-06 0.21399E-06 0.17382E-06 0.14128E-06 0.11489E-06 0.93489E-07
 0.76114E-07 0.62001E-07 0.50532E-07 0.41206E-07 0.33617E-07 0.27440E-07 0.22408E-07 0.18308E-07 0.14964E-07 0.12237E-07
 0.10011E-07 0.81935E-08 0.67086E-08 0.54950E-08 0.45027E-08 0.36910E-08 0.30267E-08 0.24828E-08 0.20373E-08 0.16723E-08
 0.13731E-08 0.11278E-08 0.92652E-09 0.76136E-09 0.62579E-09 0.51447E-09 0.42302E-09 0.34787E-09 0.28610E-09 0.23532E-09
 0.19355E-09 0.15919E-09 0.13091E-09 0.10763E-09 0.88469E-10 0.72688E-10 0.59690E-10 0.48983E-10 0.40161E-10 0.32893E-10
 0.26903E-10 0.21968E-10 0.17902E-10 0.14554E-10 0.11796E-10 0.95280E-11 0.76635E-11 0.61331E-11 0.48792E-11 0.38546E-11
 0.30207E-11 0.23447E-11 0.17997E-11 0.13648E-11 0.10206E-11 0.75025E-12 0.54191E-12 0.38492E-12 0.26683E-12 0.17993E-12


  DENSITE DE MASSE

 0.15531E+00 0.15566E+00 0.15625E+00 0.15699E+00 0.15780E+00 0.15861E+00 0.15932E+00 0.15982E+00 0.16003E+00 0.15986E+00
 0.15923E+00 0.15807E+00 0.15633E+00 0.15396E+00 0.15095E+00 0.14727E+00 0.14294E+00 0.13797E+00 0.13239E+00 0.12624E+00
 0.11958E+00 0.11249E+00 0.10504E+00 0.97310E-01 0.89411E-01 0.81441E-01 0.73507E-01 0.65714E-01 0.58168E-01 0.50964E-01
 0.44187E-01 0.37910E-01 0.32186E-01 0.27049E-01 0.22510E-01 0.18561E-01 0.15177E-01 0.12318E-01 0.99325E-02 0.79651E-02
 0.63586E-02 0.50580E-02 0.40124E-02 0.31765E-02 0.25113E-02 0.19838E-02 0.15664E-02 0.12368E-02 0.97670E-03 0.77166E-03
 0.61004E-03 0.48262E-03 0.38214E-03 0.30285E-03 0.24023E-03 0.19075E-03 0.15161E-03 0.12063E-03 0.96070E-04 0.76589E-04
 0.61118E-04 0.48821E-04 0.39035E-04 0.31241E-04 0.25026E-04 0.20065E-04 0.16102E-04 0.12933E-04 0.10397E-04 0.83649E-05
 0.67355E-05 0.54278E-05 0.43773E-05 0.35329E-05 0.28534E-05 0.23063E-05 0.18654E-05 0.15098E-05 0.12228E-05 0.99106E-06
 0.80373E-06 0.65221E-06 0.52958E-06 0.43026E-06 0.34978E-06 0.28451E-06 0.23155E-06 0.18855E-06 0.15362E-06 0.12522E-06
 0.10212E-06 0.83330E-07 0.68027E-07 0.55561E-07 0.45400E-07 0.37114E-07 0.30353E-07 0.24835E-07 0.20328E-07 0.16646E-07
 0.13636E-07 0.11175E-07 0.91612E-08 0.75131E-08 0.61636E-08 0.50582E-08 0.41524E-08 0.34099E-08 0.28009E-08 0.23013E-08
 0.18914E-08 0.15548E-08 0.12784E-08 0.10513E-08 0.86473E-09 0.71134E-09 0.58521E-09 0.48147E-09 0.39612E-09 0.32588E-09
 0.26806E-09 0.22045E-09 0.18124E-09 0.14894E-09 0.12233E-09 0.10040E-09 0.82325E-10 0.67427E-10 0.55146E-10 0.45021E-10
 0.36675E-10 0.29796E-10 0.24128E-10 0.19458E-10 0.15614E-10 0.12452E-10 0.98534E-11 0.77226E-11 0.59793E-11 0.45580E-11
 0.34050E-11 0.24766E-11 0.17370E-11 0.11572E-11 0.71403E-12 0.38921E-12 0.16848E-12 0.41238E-13 0.00000E+00 0.00000E+00

  R**(2*  1-2)=  0.10000E+01
  INTEGRALE DE RO(N)*RO(P) AVEC R**  1=  0.71395E+00

  R**(2*  2-2)=  0.70307E+01
  INTEGRALE DE RO(N)*RO(P) AVEC R**  2=  0.15950E+01

  R**(2*  3-2)=  0.74606E+02
  INTEGRALE DE RO(N)*RO(P) AVEC R**  3=  0.38737E+01

  R**(2*  4-2)=  0.10934E+04
  INTEGRALE DE RO(N)*RO(P) AVEC R**  4=  0.10062E+02

  R**(2*  5-2)=  0.21822E+05
  INTEGRALE DE RO(N)*RO(P) AVEC R**  5=  0.27657E+02

  R**(2*  6-2)=  0.59983E+06
  INTEGRALE DE RO(N)*RO(P) AVEC R**  6=  0.79875E+02

  R**(2*  7-2)=  0.22914E+08
  INTEGRALE DE RO(N)*RO(P) AVEC R**  7=  0.24115E+03

  R**(2*  8-2)=  0.12028E+10
  INTEGRALE DE RO(N)*RO(P) AVEC R**  8=  0.75834E+03

  R**(2*  9-2)=  0.83771E+11
  INTEGRALE DE RO(N)*RO(P) AVEC R**  9=  0.24775E+04

  R**(2* 10-2)=  0.73749E+13
  INTEGRALE DE RO(N)*RO(P) AVEC R** 10=  0.83939E+04

  R**(2* 11-2)=  0.78036E+15
  INTEGRALE DE RO(N)*RO(P) AVEC R** 11=  0.29458E+05

  R**(2* 12-2)=  0.94949E+17
  INTEGRALE DE RO(N)*RO(P) AVEC R** 12=  0.10702E+06

 ECM/A= 0.62210E+00   B= 0.17677E+01   RT= 0.26516E+01

      1S1/2 1  REC=
 0.99900E+00 0.42172E-01-0.30133E-02-0.35260E-02 0.78298E-02 0.85525E-02 0.65496E-02 0.36115E-02 0.10000E+01
      1P3/2 1  REC=
 0.99928E+00 0.18866E-01-0.53258E-02-0.31047E-01-0.28140E-02 0.21446E-02 0.67898E-02 0.45333E-02 0.99999E+00
      1P1/2 1  REC=
 0.99763E+00-0.57046E-01 0.21082E-01-0.26994E-01 0.12413E-01 0.47183E-02 0.10240E-01 0.37778E-02 0.99999E+00
      1S1/2 0  REC=
 0.99900E+00 0.42172E-01-0.30133E-02-0.35260E-02 0.78298E-02 0.85525E-02 0.65496E-02 0.36115E-02 0.10000E+01
      1P3/2 0  REC=
 0.99928E+00 0.18866E-01-0.53258E-02-0.31047E-01-0.28140E-02 0.21446E-02 0.67898E-02 0.45333E-02 0.99999E+00
      1P1/2 0  REC=
 0.99763E+00-0.57046E-01 0.21082E-01-0.26994E-01 0.12413E-01 0.47183E-02 0.10240E-01 0.37778E-02 0.99999E+00

   TASSIE MONOPOLE TRANSITION DENSITY TIMES R**2

 0.46614E-02 0.18718E-01 0.42368E-01 0.75861E-01 0.11939E+00 0.17297E+00 0.23633E+00 0.30877E+00 0.38912E+00 0.47568E+00
 0.56620E+00 0.65790E+00 0.74756E+00 0.83157E+00 0.90605E+00 0.96702E+00 0.10106E+01 0.10330E+01 0.10310E+01 0.10020E+01
 0.94427E+00 0.85724E+00 0.74154E+00 0.59924E+00 0.43396E+00 0.25085E+00 0.56419E-01-0.14164E+00-0.33494E+00-0.51490E+00
-0.67351E+00-0.80398E+00-0.90153E+00-0.96378E+00-0.99107E+00-0.98620E+00-0.95400E+00-0.90054E+00-0.83227E+00-0.75534E+00
-0.67505E+00-0.59554E+00-0.51979E+00-0.44970E+00-0.38629E+00-0.32991E+00-0.28047E+00-0.23758E+00-0.20067E+00-0.16912E+00
-0.14228E+00-0.11955E+00-0.10035E+00-0.84173E-01-0.70568E-01-0.59140E-01-0.49552E-01-0.41513E-01-0.34776E-01-0.29133E-01
-0.24408E-01-0.20451E-01-0.17137E-01-0.14363E-01-0.12040E-01-0.10094E-01-0.84648E-02-0.70998E-02-0.59560E-02-0.49976E-02
-0.41943E-02-0.35208E-02-0.29561E-02-0.24824E-02-0.20851E-02-0.17517E-02-0.14720E-02-0.12371E-02-0.10400E-02-0.87438E-03
-0.73530E-03-0.61846E-03-0.52028E-03-0.43777E-03-0.36841E-03-0.31009E-03-0.26105E-03-0.21980E-03-0.18510E-03-0.15590E-03
-0.13133E-03-0.11065E-03-0.93236E-04-0.78576E-04-0.66231E-04-0.55833E-04-0.47074E-04-0.39695E-04-0.33476E-04-0.28236E-04
-0.23818E-04-0.20095E-04-0.16955E-04-0.14308E-04-0.12075E-04-0.10192E-04-0.86030E-05-0.72628E-05-0.61320E-05-0.51777E-05
-0.43724E-05-0.36927E-05-0.31189E-05-0.26345E-05-0.22255E-05-0.18802E-05-0.15886E-05-0.13423E-05-0.11343E-05-0.95863E-06
-0.81021E-06-0.68482E-06-0.57888E-06-0.48936E-06-0.41372E-06-0.34979E-06-0.29575E-06-0.25008E-06-0.21146E-06-0.17881E-06
-0.15119E-06-0.12782E-06-0.10805E-06-0.91309E-07-0.77122E-07-0.65090E-07-0.54872E-07-0.46178E-07-0.38763E-07-0.32415E-07
-0.26956E-07-0.22229E-07-0.18099E-07-0.14449E-07-0.11173E-07-0.81757E-08-0.53695E-08-0.25627E-08-0.33242E-09-0.12251E-09
***************************************************************************
  DSQUARE= 0.93743E+01
***************************************************************************

 delta medio finale protonico   0.0000000000000000     
 delta medio finale neutronico   0.0000000000000000     

